<?xml version="1.0" encoding="UTF-8"?>
<testng-results skipped="0" failed="0" ignored="0" total="1" passed="1">
  <reporter-output>
  </reporter-output>
  <suite name="Suite" duration-ms="15683" started-at="2018-10-15T13:47:27Z" finished-at="2018-10-15T13:47:43Z">
    <groups>
    </groups>
    <test name="Win10" duration-ms="15683" started-at="2018-10-15T13:47:27Z" finished-at="2018-10-15T13:47:43Z">
      <class name="testcases.Grid_2">
        <test-method status="PASS" signature="setUp(java.lang.String, java.lang.String)[pri:0, instance:testcases.Grid_2@4678c730]" name="setUp" is-config="true" duration-ms="13000" started-at="2018-10-15T09:47:27Z" finished-at="2018-10-15T09:47:40Z">
          <params>
            <param index="0">
              <value>
                <![CDATA[chrome]]>
              </value>
            </param>
            <param index="1">
              <value>
                <![CDATA[http://192.168.1.226:5566/wd/hub]]>
              </value>
            </param>
          </params>
          <reporter-output>
          </reporter-output>
        </test-method> <!-- setUp -->
        <test-method status="PASS" signature="simpleTest()[pri:0, instance:testcases.Grid_2@4678c730]" name="simpleTest" duration-ms="2089" started-at="2018-10-15T09:47:40Z" finished-at="2018-10-15T09:47:42Z">
          <reporter-output>
          </reporter-output>
        </test-method> <!-- simpleTest -->
        <test-method status="PASS" signature="tearDown()[pri:0, instance:testcases.Grid_2@4678c730]" name="tearDown" is-config="true" duration-ms="555" started-at="2018-10-15T09:47:42Z" finished-at="2018-10-15T09:47:43Z">
          <reporter-output>
          </reporter-output>
        </test-method> <!-- tearDown -->
      </class> <!-- testcases.Grid_2 -->
    </test> <!-- Win10 -->
  </suite> <!-- Suite -->
</testng-results>
